<?xml version="1.0" encoding="UTF-8"?>
<robot generator="Robot 3.1.1 (Python 3.7.2+ on linux)" generated="20190309 04:44:50.755" rpa="false">
<suite id="s1" name="Robotframework" source="/home/kamil/Desktop/Testowanie/PythonTesting/robotframework.robot">
<test id="s1-t1" name="first-test-case">
<kw name="Given get">
<arguments>
<arg>https://allegro.pl/</arg>
</arguments>
<kw name="Open Browser ${url} chrome">
<msg timestamp="20190309 04:44:50.774" level="FAIL">No keyword with name 'Open Browser ${url} chrome' found.</msg>
<status status="FAIL" starttime="20190309 04:44:50.774" endtime="20190309 04:44:50.774"></status>
</kw>
<status status="FAIL" starttime="20190309 04:44:50.773" endtime="20190309 04:44:50.774"></status>
</kw>
<status status="FAIL" starttime="20190309 04:44:50.773" endtime="20190309 04:44:50.775" critical="yes">No keyword with name 'Open Browser ${url} chrome' found.</status>
</test>
<status status="FAIL" starttime="20190309 04:44:50.755" endtime="20190309 04:44:50.775"></status>
</suite>
<statistics>
<total>
<stat pass="0" fail="1">Critical Tests</stat>
<stat pass="0" fail="1">All Tests</stat>
</total>
<tag>
</tag>
<suite>
<stat pass="0" fail="1" id="s1" name="Robotframework">Robotframework</stat>
</suite>
</statistics>
<errors>
<msg timestamp="20190309 04:44:50.753" level="ERROR">Error in file '/home/kamil/Desktop/Testowanie/PythonTesting/robotframework.robot': Non-existing setting ''.</msg>
<msg timestamp="20190309 04:44:50.753" level="ERROR">Error in file '/home/kamil/Desktop/Testowanie/PythonTesting/robotframework.robot': Non-existing setting ''.</msg>
</errors>
</robot>
