<?xml version="1.0" encoding="UTF-8"?>
<robot generator="Robot 3.1.1 (Python 3.7.2+ on linux)" generated="20190310 06:50:53.165" rpa="false">
<suite id="s1" name="Robotframework" source="/home/kamil/Desktop/Testowanie/PythonTesting/robotframework.robot">
<test id="s1-t1" name="first-test-case">
<kw name="Given get">
<arguments>
<arg>${URL}</arg>
</arguments>
<kw name="Open Browser" library="Selenium2Library">
<doc>Opens a new browser instance to the given ``url``.</doc>
<arguments>
<arg>${url} chrome</arg>
</arguments>
<msg timestamp="20190310 06:50:53.251" level="INFO">Opening browser 'firefox' to base url 'https://allegro.pl/ chrome'.</msg>
<kw name="Capture Page Screenshot" library="Selenium2Library">
<doc>Takes screenshot of the current page and embeds it into log file.</doc>
<msg timestamp="20190310 06:50:53.255" level="INFO">Cannot capture screenshot because no browser is open.</msg>
<status status="PASS" starttime="20190310 06:50:53.255" endtime="20190310 06:50:53.255"></status>
</kw>
<msg timestamp="20190310 06:50:53.257" level="FAIL">NotADirectoryError: [Errno 20] Not a directory: 'geckodriver'</msg>
<status status="FAIL" starttime="20190310 06:50:53.251" endtime="20190310 06:50:53.257"></status>
</kw>
<status status="FAIL" starttime="20190310 06:50:53.251" endtime="20190310 06:50:53.257"></status>
</kw>
<status status="FAIL" starttime="20190310 06:50:53.250" endtime="20190310 06:50:53.257" critical="yes">NotADirectoryError: [Errno 20] Not a directory: 'geckodriver'</status>
</test>
<status status="FAIL" starttime="20190310 06:50:53.165" endtime="20190310 06:50:53.258"></status>
</suite>
<statistics>
<total>
<stat pass="0" fail="1">Critical Tests</stat>
<stat pass="0" fail="1">All Tests</stat>
</total>
<tag>
</tag>
<suite>
<stat pass="0" fail="1" id="s1" name="Robotframework">Robotframework</stat>
</suite>
</statistics>
<errors>
</errors>
</robot>
